2024-10-04 11:30:16 [error]: Failed to update vibeCheck's likes/dislikes: Invalid UpdateExpression: Syntax error; token: "SET", near: ", SET liked_by"
2024-10-04 11:31:23 [error]: Failed to update vibeCheck's likes/dislikes: Invalid UpdateExpression: Incorrect number of operands for operator or function; operator or function: list_append, number of operands: 1
2024-10-04 11:36:30 [error]: Failed to update vibeCheck's likes/dislikes: Invalid UpdateExpression: An expression attribute name used in the document path is not defined; attribute name: #attrArray
2024-10-04 11:37:00 [error]: Failed to update vibeCheck's likes/dislikes: Invalid UpdateExpression: An expression attribute value used in expression is not defined; attribute value: :empty_list
2024-10-04 11:37:04 [error]: Failed to update vibeCheck's likes/dislikes: Invalid UpdateExpression: An expression attribute value used in expression is not defined; attribute value: :empty_list
2024-10-04 11:45:42 [error]: Failed to update vibeCheck's likes/dislikes: add_to_list is not defined
2024-10-04 11:49:30 [error]: Failed to update vibeCheck's likes/dislikes: Invalid UpdateExpression: Syntax error; token: ":addtolist", near: ":incr :addtolist"
2024-10-04 11:58:49 [error]: Failed to update vibeCheck's likes/dislikes: Invalid UpdateExpression: Incorrect operand type for operator or function; operator or function: +, operand type: S
2024-10-04 12:05:24 [error]: Failed to update vibeCheck's likes/dislikes: Invalid UpdateExpression: Incorrect operand type for operator or function; operator or function: +, operand type: S
2024-10-04 12:05:48 [error]: Failed to update vibeCheck's likes/dislikes: Invalid UpdateExpression: Incorrect operand type for operator or function; operator or function: +, operand type: S
2024-10-04 12:06:16 [error]: Failed to update vibeCheck's likes/dislikes: Cannot read properties of null (reading 'Attributes')
2024-10-04 12:07:39 [error]: Failed to update vibeCheck's likes/dislikes: Invalid UpdateExpression: Incorrect operand type for operator or function; operator or function: list_append, operand type: S
2024-10-04 12:08:22 [error]: Failed to update vibeCheck's likes/dislikes: Invalid UpdateExpression: Incorrect operand type for operator or function; operator or function: list_append, operand type: S
2024-10-04 12:08:25 [error]: Failed to update vibeCheck's likes/dislikes: Invalid UpdateExpression: Incorrect operand type for operator or function; operator or function: list_append, operand type: S
2024-10-04 12:08:42 [error]: Failed to update vibeCheck's likes/dislikes: Invalid UpdateExpression: Incorrect operand type for operator or function; operator or function: list_append, operand type: S
2024-10-04 12:23:16 [error]: Failed to update vibeCheck's likes/dislikes: Invalid UpdateExpression: Invalid function name; function: list_remove
2024-10-04 12:25:06 [error]: Failed to update vibeCheck's likes/dislikes: Invalid UpdateExpression: Invalid function name; function: list_remove
2024-10-04 12:47:29 [error]: Failed to update vibeCheck's likes/dislikes: value is not defined
2024-10-04 12:56:49 [error]: Failed to update vibeCheck's likes/dislikes: Cannot read properties of undefined (reading 'liked_by')
2024-10-04 12:56:49 [error]: Failed to update vibeCheck's likes/dislikes: Cannot read properties of undefined (reading 'liked_by')
2024-10-04 13:00:06 [error]: Failed to update vibeCheck's likes/dislikes: Cannot read properties of undefined (reading 'liked_by')
2024-10-04 13:00:06 [error]: Failed to update vibeCheck's likes/dislikes: Cannot read properties of undefined (reading 'liked_by')
2024-10-10 15:08:00 [error]: Failed to get user's VibeChecks: Cannot read properties of undefined (reading 'Count')
2024-10-10 15:10:14 [error]: Failed to get user's VibeChecks: Cannot read properties of undefined (reading 'Count')
2024-10-11 12:04:42 [error]: Failed to delete user's VibeChecks: Cannot read properties of undefined (reading 'data')
2024-10-11 12:04:42 [error]: unhandledRejection: Cannot read properties of undefined (reading 'data')
Error: Cannot read properties of undefined (reading 'data')
    at Object.deleteAllVibeChecksByUserId (C:\Users\gussi\Documents\GitHub\vibeBuddies-server\server\services\vibeCheckService.js:271:15)
    at process.processTicksAndRejections (node:internal/process/task_queues:95:5)
2024-10-11 12:04:42 [error]: Failed to delete user's VibeChecks: Cannot read properties of undefined (reading 'data')
2024-10-11 12:04:42 [error]: unhandledRejection: Cannot read properties of undefined (reading 'data')
Error: Cannot read properties of undefined (reading 'data')
    at Object.deleteAllVibeChecksByUserId (C:\Users\gussi\Documents\GitHub\vibeBuddies-server\server\services\vibeCheckService.js:271:15)
    at process.processTicksAndRejections (node:internal/process/task_queues:95:5)
2024-10-11 12:04:42 [error]: Failed to delete user's VibeChecks: Cannot read properties of undefined (reading 'data')
2024-10-11 12:04:42 [error]: unhandledRejection: Cannot read properties of undefined (reading 'data')
Error: Cannot read properties of undefined (reading 'data')
    at Object.deleteAllVibeChecksByUserId (C:\Users\gussi\Documents\GitHub\vibeBuddies-server\server\services\vibeCheckService.js:271:15)
    at process.processTicksAndRejections (node:internal/process/task_queues:95:5)
2024-10-11 12:06:48 [error]: Failed to delete user's VibeChecks: Cannot read properties of undefined (reading 'data')
2024-10-11 12:06:48 [error]: Failed to delete user's VibeChecks: Cannot read properties of undefined (reading 'data')
2024-10-11 12:06:48 [error]: Failed to delete user's VibeChecks: Cannot read properties of undefined (reading 'data')
2024-10-11 12:11:06 [error]: Failed to delete user's VibeChecks: Cannot read properties of undefined (reading 'data')
2024-10-11 12:11:06 [error]: Failed to delete user's VibeChecks: Cannot read properties of undefined (reading 'data')
2024-10-11 12:11:06 [error]: Failed to delete user's VibeChecks: Cannot read properties of undefined (reading 'data')
2024-10-11 12:15:32 [error]: Failed to delete user's VibeChecks: Cannot read properties of undefined (reading 'data')
2024-10-11 12:15:32 [error]: Failed to delete user's VibeChecks: Cannot read properties of undefined (reading 'data')
2024-10-11 12:15:33 [error]: Failed to delete user's VibeChecks: Cannot read properties of undefined (reading 'data')
2024-10-11 14:34:15 [error]: Failed to delete user's VibeChecks: Cannot read properties of undefined (reading 'data')
2024-10-11 14:44:04 [error]: Failed to delete user's VibeChecks: Cannot read properties of undefined (reading 'Items')
2024-10-11 14:47:11 [error]: Failed to delete user's VibeChecks: Cannot read properties of undefined (reading 'length')
2024-10-11 14:47:33 [error]: Failed to delete user's VibeChecks: Cannot read properties of undefined (reading 'length')
2024-10-11 14:48:18 [error]: Failed to delete user's VibeChecks: Cannot read properties of undefined (reading 'length')
2024-10-11 14:49:52 [error]: Failed to delete user's VibeChecks: Cannot read properties of undefined (reading 'length')
2024-10-11 14:50:47 [error]: Failed to delete user's VibeChecks: Cannot read properties of undefined (reading 'length')
2024-10-11 14:51:50 [error]: Failed to delete user's VibeChecks: Cannot read properties of undefined (reading 'length')
2024-10-11 14:52:31 [error]: Failed to delete user's VibeChecks: Cannot read properties of undefined (reading 'length')
2024-10-11 14:55:03 [error]: Failed to delete user's VibeChecks: BatchWriteCommand is not defined
2024-10-11 14:58:59 [error]: Failed to delete user's VibeChecks: Cannot read properties of undefined (reading 'map')
2024-10-11 15:03:25 [error]: Failed to delete user's VibeChecks: Cannot read properties of undefined (reading 'map')
2024-10-11 15:40:17 [error]: Failed to delete user's VibeChecks: Cannot read properties of undefined (reading 'map')
2024-10-11 15:49:08 [error]: Failed to delete user's VibeChecks: Cannot read properties of undefined (reading 'map')
2024-10-11 15:50:42 [error]: Failed to delete user's VibeChecks: Cannot read properties of undefined (reading 'map')
